<?xml version="1.0" encoding="UTF-8"?>
<testng-results skipped="0" failed="0" total="1" passed="1">
  <reporter-output>
  </reporter-output>
  <suite name="Default suite" duration-ms="15984" started-at="2018-06-26T08:46:15Z" finished-at="2018-06-26T08:46:31Z">
    <groups>
    </groups>
    <test name="Default test" duration-ms="15984" started-at="2018-06-26T08:46:15Z" finished-at="2018-06-26T08:46:31Z">
      <class name="maveen.New_Test">
        <test-method status="PASS" signature="beforeTest()[pri:0, instance:maveen.New_Test@2ef5e5e3]" name="beforeTest" is-config="true" duration-ms="9302" started-at="2018-06-26T14:16:15Z" finished-at="2018-06-26T14:16:25Z">
          <reporter-output>
          </reporter-output>
        </test-method> <!-- beforeTest -->
        <test-method status="PASS" signature="f()[pri:0, instance:maveen.New_Test@2ef5e5e3]" name="f" duration-ms="6643" started-at="2018-06-26T14:16:25Z" finished-at="2018-06-26T14:16:31Z">
          <reporter-output>
          </reporter-output>
        </test-method> <!-- f -->
        <test-method status="PASS" signature="afterTest()[pri:0, instance:maveen.New_Test@2ef5e5e3]" name="afterTest" is-config="true" duration-ms="28" started-at="2018-06-26T14:16:31Z" finished-at="2018-06-26T14:16:31Z">
          <reporter-output>
          </reporter-output>
        </test-method> <!-- afterTest -->
      </class> <!-- maveen.New_Test -->
    </test> <!-- Default test -->
  </suite> <!-- Default suite -->
</testng-results>
